[2023-04-12 00:46:52] [INFO ] [CategoryServiceImp:49] Se creÛ el usuario: string
[2023-04-12 15:31:28] [INFO ] [CategoryServiceImp:62] Se encontr√≥ el usuario: 1
[2023-04-12 15:32:16] [INFO ] [CategoryServiceImp:90] Se listaron los usuarios.
[2023-04-12 15:38:30] [INFO ] [CategoryServiceImp:49] Se cre√≥ el usuario: string
[2023-04-12 15:39:01] [INFO ] [CategoryServiceImp:62] Se encontr√≥ el usuario: 3
[2023-04-12 15:39:13] [INFO ] [CategoryServiceImp:90] Se listaron los usuarios.
[2023-04-12 16:06:29] [INFO ] [CategoryServiceImp:48] Se listaron todas las politicas.
[2023-04-12 16:07:31] [INFO ] [CategoryServiceImp:48] Se listaron todas las imagenes.
[2023-04-12 16:08:41] [INFO ] [CategoryServiceImp:78] Se listaron todas las caracteristicas.
[2023-04-12 16:10:11] [INFO ] [CategoryServiceImp:77] Se listaron todas las ciudades.
[2023-04-12 16:10:54] [INFO ] [CategoryServiceImp:77] Se listan todas la categor√≠as.
[2023-04-12 18:05:19] [INFO ] [CategoryServiceImp:49] Se cre√≥ el usuario: string
[2023-04-12 18:05:21] [INFO ] [CategoryServiceImp:49] Se cre√≥ el usuario: string
[2023-04-12 18:06:35] [INFO ] [CategoryServiceImp:49] Se cre√≥ el usuario: string
[2023-04-12 18:11:51] [INFO ] [CategoryServiceImp:49] Se cre√≥ el usuario: vale
[2023-04-12 18:42:27] [INFO ] [CategoryServiceImp:49] Se cre√≥ el usuario: maru
[2023-04-12 19:27:33] [INFO ] [CategoryServiceImp:90] Se listaron los usuarios.
[2023-04-12 19:28:26] [INFO ] [CategoryServiceImp:49] Se cre√≥ el usuario: string
[2023-04-12 21:00:14] [INFO ] [CategoryServiceImp:49] Se cre√≥ el usuario: maria
[2023-04-12 21:00:34] [INFO ] [CategoryServiceImp:90] Se listaron los usuarios.
[2023-04-12 22:26:47] [INFO ] [CategoryServiceImp:49] Se cre√≥ el usuario: Mar√≠a
[2023-04-12 22:27:29] [INFO ] [CategoryServiceImp:49] Se cre√≥ el usuario: Maru
[2023-04-12 22:27:50] [INFO ] [CategoryServiceImp:49] Se cre√≥ el usuario: string
[2023-04-12 22:28:05] [INFO ] [CategoryServiceImp:62] Se encontr√≥ el usuario: 2
[2023-04-12 22:28:05] [INFO ] [CategoryServiceImp:62] Se encontr√≥ el usuario: 2
[2023-04-12 22:28:21] [INFO ] [CategoryServiceImp:90] Se listaron los usuarios.
[2023-04-12 22:29:26] [INFO ] [CategoryServiceImp:62] Se encontr√≥ el usuario: 3
[2023-04-12 22:29:26] [INFO ] [CategoryServiceImp:70] Se edit√≥ el usuario: usuario modificado
[2023-04-12 22:29:43] [INFO ] [CategoryServiceImp:90] Se listaron los usuarios.
[2023-04-12 22:30:11] [INFO ] [CategoryServiceImp:62] Se encontr√≥ el usuario: 3
[2023-04-12 22:30:11] [INFO ] [CategoryServiceImp:62] Se encontr√≥ el usuario: 3
[2023-04-12 22:30:11] [INFO ] [CategoryServiceImp:78] Se elimin√≥ el usuario: 3
[2023-04-12 22:30:23] [INFO ] [CategoryServiceImp:90] Se listaron los usuarios.
[2023-04-12 22:32:39] [INFO ] [CategoryServiceImp:61] Se cre√≥ la politica: Mascotas
[2023-04-12 22:33:06] [INFO ] [CategoryServiceImp:61] Se cre√≥ la politica: Espacios libres de humo
[2023-04-12 22:33:16] [INFO ] [CategoryServiceImp:61] Se cre√≥ la politica: string
[2023-04-12 22:33:29] [INFO ] [CategoryServiceImp:35] Se encontr√≥ la politica: Mascotas
[2023-04-12 22:33:29] [INFO ] [CategoryServiceImp:35] Se encontr√≥ la politica: Mascotas
[2023-04-12 22:33:43] [INFO ] [CategoryServiceImp:48] Se listaron todas las politicas.
[2023-04-12 22:34:27] [INFO ] [CategoryServiceImp:35] Se encontr√≥ la politica: string
[2023-04-12 22:34:27] [INFO ] [CategoryServiceImp:70] Se edit√≥ la politica: 3
[2023-04-12 22:34:40] [INFO ] [CategoryServiceImp:48] Se listaron todas las politicas.
[2023-04-12 22:34:59] [INFO ] [CategoryServiceImp:35] Se encontr√≥ la politica: string modificado
[2023-04-12 22:34:59] [INFO ] [CategoryServiceImp:35] Se encontr√≥ la politica: string modificado
[2023-04-12 22:34:59] [INFO ] [CategoryServiceImp:80] Se elimin√≥ la politica: 3
[2023-04-12 22:35:09] [INFO ] [CategoryServiceImp:48] Se listaron todas las politicas.
[2023-04-12 22:37:30] [INFO ] [CategoryServiceImp:60] Se cre√≥ la imagen: Montecatini Hotel
[2023-04-12 22:37:38] [INFO ] [CategoryServiceImp:60] Se cre√≥ la imagen: string
[2023-04-12 22:37:51] [INFO ] [CategoryServiceImp:35] Se encontr√≥ la imagen: string
[2023-04-12 22:37:51] [INFO ] [CategoryServiceImp:35] Se encontr√≥ la imagen: string
[2023-04-12 22:38:04] [INFO ] [CategoryServiceImp:48] Se listaron todas las imagenes.
[2023-04-12 22:38:31] [INFO ] [CategoryServiceImp:35] Se encontr√≥ la imagen: string
[2023-04-12 22:38:32] [INFO ] [CategoryServiceImp:70] Se actualiz√≥ la imagen: 2
[2023-04-12 22:38:42] [INFO ] [CategoryServiceImp:48] Se listaron todas las imagenes.
[2023-04-12 22:38:58] [INFO ] [CategoryServiceImp:35] Se encontr√≥ la imagen: string modificado
[2023-04-12 22:38:58] [INFO ] [CategoryServiceImp:35] Se encontr√≥ la imagen: string modificado
[2023-04-12 22:38:58] [INFO ] [CategoryServiceImp:78] Se elimin√≥ la imagen: 2
[2023-04-12 22:39:02] [INFO ] [CategoryServiceImp:48] Se listaron todas las imagenes.
[2023-04-12 22:39:48] [INFO ] [CategoryServiceImp:38] Se cre√≥ la caracteristica: Wifi
[2023-04-12 22:39:59] [INFO ] [CategoryServiceImp:38] Se cre√≥ la caracteristica: string
[2023-04-12 22:40:12] [INFO ] [CategoryServiceImp:50] Se encontr√≥ la caracteristica: string
[2023-04-12 22:40:12] [INFO ] [CategoryServiceImp:50] Se encontr√≥ la caracteristica: string
[2023-04-12 22:40:25] [INFO ] [CategoryServiceImp:78] Se listaron todas las caracteristicas.
[2023-04-12 22:40:59] [INFO ] [CategoryServiceImp:50] Se encontr√≥ la caracteristica: string
[2023-04-12 22:40:59] [INFO ] [CategoryServiceImp:59] Se actualiz√≥ la caracteristica: 2
[2023-04-12 22:41:07] [INFO ] [CategoryServiceImp:78] Se listaron todas las caracteristicas.
[2023-04-12 22:41:18] [INFO ] [CategoryServiceImp:50] Se encontr√≥ la caracteristica: string modificado
[2023-04-12 22:41:18] [INFO ] [CategoryServiceImp:50] Se encontr√≥ la caracteristica: string modificado
[2023-04-12 22:41:18] [INFO ] [CategoryServiceImp:67] Se elimin√≥ la caracteristica: 2
[2023-04-12 22:41:22] [INFO ] [CategoryServiceImp:78] Se listaron todas las caracteristicas.
[2023-04-12 22:42:02] [INFO ] [CategoryServiceImp:37] Se cre√≥ la ciudad: Villa Carlos Paz
[2023-04-12 22:42:11] [INFO ] [CategoryServiceImp:37] Se cre√≥ la ciudad: string
[2023-04-12 22:42:27] [INFO ] [CategoryServiceImp:49] Se encontr√≥ la ciudad: string
[2023-04-12 22:42:27] [INFO ] [CategoryServiceImp:49] Se encontr√≥ la ciudad: string
[2023-04-12 22:42:35] [INFO ] [CategoryServiceImp:77] Se listaron todas las ciudades.
[2023-04-12 22:42:57] [INFO ] [CategoryServiceImp:49] Se encontr√≥ la ciudad: string
[2023-04-12 22:42:57] [INFO ] [CategoryServiceImp:58] Se actualiz√≥ la ciudad: 2
[2023-04-12 22:43:05] [INFO ] [CategoryServiceImp:77] Se listaron todas las ciudades.
[2023-04-12 22:43:19] [INFO ] [CategoryServiceImp:49] Se encontr√≥ la ciudad: string modif
[2023-04-12 22:43:19] [INFO ] [CategoryServiceImp:49] Se encontr√≥ la ciudad: string modif
[2023-04-12 22:43:19] [INFO ] [CategoryServiceImp:65] Se elimin√≥ la ciudad: 2
[2023-04-12 22:43:30] [INFO ] [CategoryServiceImp:77] Se listaron todas las ciudades.
[2023-04-12 22:44:36] [INFO ] [CategoryServiceImp:37] Se cre√≥ la categor√≠a: Hotel
[2023-04-12 22:44:43] [INFO ] [CategoryServiceImp:37] Se cre√≥ la categor√≠a: string
[2023-04-12 22:44:59] [INFO ] [CategoryServiceImp:49] Se encontr√≥ la categor√≠a: string
[2023-04-12 22:44:59] [INFO ] [CategoryServiceImp:49] Se encontr√≥ la categor√≠a: string
[2023-04-12 22:45:17] [INFO ] [CategoryServiceImp:49] Se encontr√≥ la categor√≠a: string
[2023-04-12 22:45:17] [INFO ] [CategoryServiceImp:58] Se actualiz√≥ la categor√≠a: 2
[2023-04-12 22:45:26] [INFO ] [CategoryServiceImp:77] Se listan todas la categor√≠as.
[2023-04-12 22:45:44] [INFO ] [CategoryServiceImp:49] Se encontr√≥ la categor√≠a: modificadoooo
[2023-04-12 22:45:44] [INFO ] [CategoryServiceImp:49] Se encontr√≥ la categor√≠a: modificadoooo
[2023-04-12 22:45:44] [INFO ] [CategoryServiceImp:65] Se elimin√≥ la categor√≠a: 2
[2023-04-12 22:45:52] [INFO ] [CategoryServiceImp:77] Se listan todas la categor√≠as.
[2023-04-12 23:04:35] [INFO ] [CategoryServiceImp:37] Se cre√≥ la categor√≠a: Departamento
[2023-04-12 23:04:35] [INFO ] [CategoryServiceImp:37] Se cre√≥ la ciudad: Paran√°
[2023-04-12 23:04:35] [INFO ] [CategoryServiceImp:60] Se cre√≥ la imagen: img1
[2023-04-12 23:04:36] [INFO ] [CategoryServiceImp:61] Se cre√≥ la politica: Entrada
[2023-04-12 23:04:44] [INFO ] [CategoryServiceImp:38] Se cre√≥ la caracteristica: Garage
[2023-04-12 23:04:44] [INFO ] [CategoryServiceImp:145] Se cre√≥ el alojamiento: Montecatini Departamento
[2023-04-12 23:06:56] [INFO ] [CategoryServiceImp:37] Se cre√≥ la ciudad: Iguazu
[2023-04-12 23:06:57] [INFO ] [CategoryServiceImp:145] Se cre√≥ el alojamiento: Hotel Iguazu
[2023-04-12 23:07:12] [INFO ] [CategoryServiceImp:54] Se encontr√≥ el alojamiento: Hotel Iguazu
[2023-04-12 23:07:12] [INFO ] [CategoryServiceImp:54] Se encontr√≥ el alojamiento: Hotel Iguazu
[2023-04-12 23:10:08] [INFO ] [CategoryServiceImp:43] Se listaron todos los alojamientos.
[2023-04-12 23:10:08] [INFO ] [CategoryServiceImp:43] Se listaron todos los alojamientos.
[2023-04-12 23:12:20] [INFO ] [CategoryServiceImp:54] Se encontr√≥ el alojamiento: Montecatini Departamento
[2023-04-12 23:12:20] [INFO ] [CategoryServiceImp:153] Se actualiz√≥ el alojamiento: Montecatini Departamento
[2023-04-12 23:12:34] [INFO ] [CategoryServiceImp:54] Se encontr√≥ el alojamiento: Montecatini Departamento
[2023-04-12 23:12:34] [INFO ] [CategoryServiceImp:54] Se encontr√≥ el alojamiento: Montecatini Departamento
[2023-04-12 23:13:31] [INFO ] [CategoryServiceImp:37] Se cre√≥ la categor√≠a: string
[2023-04-12 23:13:32] [INFO ] [CategoryServiceImp:37] Se cre√≥ la ciudad: string
[2023-04-12 23:13:32] [INFO ] [CategoryServiceImp:60] Se cre√≥ la imagen: string
[2023-04-12 23:13:32] [INFO ] [CategoryServiceImp:61] Se cre√≥ la politica: string
[2023-04-12 23:13:32] [INFO ] [CategoryServiceImp:38] Se cre√≥ la caracteristica: string
[2023-04-12 23:13:32] [INFO ] [CategoryServiceImp:145] Se cre√≥ el alojamiento: string
[2023-04-12 23:13:47] [INFO ] [CategoryServiceImp:43] Se listaron todos los alojamientos.
[2023-04-12 23:13:47] [INFO ] [CategoryServiceImp:43] Se listaron todos los alojamientos.
[2023-04-12 23:13:47] [INFO ] [CategoryServiceImp:43] Se listaron todos los alojamientos.
[2023-04-12 23:14:19] [INFO ] [CategoryServiceImp:54] Se encontr√≥ el alojamiento: string
[2023-04-12 23:14:19] [INFO ] [CategoryServiceImp:54] Se encontr√≥ el alojamiento: string
[2023-04-12 23:14:19] [INFO ] [CategoryServiceImp:160] Se elimin√≥ el alojamiento: 3
[2023-04-12 23:14:31] [INFO ] [CategoryServiceImp:43] Se listaron todos los alojamientos.
[2023-04-12 23:14:31] [INFO ] [CategoryServiceImp:43] Se listaron todos los alojamientos.
[2023-04-12 23:16:57] [INFO ] [CategoryServiceImp:215] Se encontraron 1 alojamientos por ciudad y fechas.
[2023-04-13 18:09:55] [INFO ] [CategoryServiceImp:86] Se listaron los usuarios.
[2023-04-13 18:19:49] [INFO ] [CategoryServiceImp:45] Se cre√≥ el usuario: string
[2023-04-13 21:16:22] [INFO ] [CategoryServiceImp:37] Se cre√≥ la categor√≠a: string
[2023-04-13 21:17:01] [INFO ] [CategoryServiceImp:77] Se listan todas la categor√≠as.
[2023-04-13 21:21:51] [INFO ] [CategoryServiceImp:77] Se listan todas la categor√≠as.
[2023-04-13 21:28:52] [INFO ] [CategoryServiceImp:77] Se listan todas la categor√≠as.
[2023-04-14 12:07:56] [INFO ] [CategoryServiceImp:86] Se listaron los usuarios.
[2023-04-14 12:11:57] [INFO ] [CategoryServiceImp:45] Se cre√≥ el usuario: Maria
[2023-04-14 12:13:19] [INFO ] [CategoryServiceImp:45] Se cre√≥ el usuario: Maru
[2023-04-14 12:18:27] [INFO ] [CategoryServiceImp:38] Se cre√≥ la caracteristica: Incluye TV
[2023-04-14 12:19:11] [INFO ] [CategoryServiceImp:38] Se cre√≥ la caracteristica: Servicios de limpieza
[2023-04-14 12:19:47] [INFO ] [CategoryServiceImp:38] Se cre√≥ la caracteristica: Adaptado para personas con movilidad reducida
[2023-04-14 12:20:21] [INFO ] [CategoryServiceImp:38] Se cre√≥ la caracteristica: Restaurante
[2023-04-14 12:20:51] [INFO ] [CategoryServiceImp:38] Se cre√≥ la caracteristica: Acepta tarjetas de credito
[2023-04-14 12:21:10] [INFO ] [CategoryServiceImp:38] Se cre√≥ la caracteristica: Seguridad
[2023-04-14 12:21:36] [INFO ] [CategoryServiceImp:38] Se cre√≥ la caracteristica: Spa
[2023-04-14 12:22:21] [INFO ] [CategoryServiceImp:38] Se cre√≥ la caracteristica: Acepta mascotas
[2023-04-14 12:22:49] [INFO ] [CategoryServiceImp:38] Se cre√≥ la caracteristica: Incluye cocina
[2023-04-14 12:23:12] [INFO ] [CategoryServiceImp:38] Se cre√≥ la caracteristica: Recepci√≥n 24 horas
[2023-04-14 12:23:33] [INFO ] [CategoryServiceImp:38] Se cre√≥ la caracteristica: Aire acondicionado
[2023-04-14 12:23:57] [INFO ] [CategoryServiceImp:38] Se cre√≥ la caracteristica: Desayuno incluido
[2023-04-14 12:24:22] [INFO ] [CategoryServiceImp:38] Se cre√≥ la caracteristica: Pileta
[2023-04-14 12:24:37] [INFO ] [CategoryServiceImp:38] Se cre√≥ la caracteristica: Wifi
[2023-04-14 12:24:56] [INFO ] [CategoryServiceImp:38] Se cre√≥ la caracteristica: Habitaciones libres de humo
[2023-04-14 12:25:11] [INFO ] [CategoryServiceImp:38] Se cre√≥ la caracteristica: Prohibido hacer fiestas
[2023-04-14 12:25:28] [INFO ] [CategoryServiceImp:38] Se cre√≥ la caracteristica: Estacionamiento
[2023-04-14 12:27:55] [INFO ] [CategoryServiceImp:37] Se cre√≥ la categor√≠a: Hoteles
[2023-04-14 12:28:54] [INFO ] [CategoryServiceImp:37] Se cre√≥ la categor√≠a: Hostels
[2023-04-14 12:29:23] [INFO ] [CategoryServiceImp:37] Se cre√≥ la categor√≠a: Departamentos
[2023-04-14 12:29:39] [INFO ] [CategoryServiceImp:37] Se cre√≥ la categor√≠a: Casas
[2023-04-14 12:43:12] [INFO ] [CategoryServiceImp:37] Se cre√≥ la ciudad: Villa Carlos Paz
[2023-04-14 12:43:14] [INFO ] [CategoryServiceImp:60] Se cre√≥ la imagen: Montecatini Hotel
[2023-04-14 12:43:16] [INFO ] [CategoryServiceImp:60] Se cre√≥ la imagen: Montecatini Hotel
[2023-04-14 12:43:18] [INFO ] [CategoryServiceImp:60] Se cre√≥ la imagen: Montecatini Hotel
[2023-04-14 12:43:20] [INFO ] [CategoryServiceImp:60] Se cre√≥ la imagen: Montecatini Hotel
[2023-04-14 12:43:22] [INFO ] [CategoryServiceImp:60] Se cre√≥ la imagen: Montecatini Hotel
[2023-04-14 12:43:24] [INFO ] [CategoryServiceImp:61] Se cre√≥ la politica: Entrada
[2023-04-14 12:43:26] [INFO ] [CategoryServiceImp:61] Se cre√≥ la politica: Restricciones de edad
[2023-04-14 12:43:28] [INFO ] [CategoryServiceImp:61] Se cre√≥ la politica: Cancelaci√≥n y pago por adelantado
[2023-04-14 12:44:59] [INFO ] [CategoryServiceImp:37] Se cre√≥ la ciudad: Villa Carlos Paz
[2023-04-14 12:45:01] [INFO ] [CategoryServiceImp:60] Se cre√≥ la imagen: Montecatini Hotel
[2023-04-14 12:45:03] [INFO ] [CategoryServiceImp:60] Se cre√≥ la imagen: Montecatini Hotel
[2023-04-14 12:45:05] [INFO ] [CategoryServiceImp:60] Se cre√≥ la imagen: Montecatini Hotel
[2023-04-14 12:45:07] [INFO ] [CategoryServiceImp:60] Se cre√≥ la imagen: Montecatini Hotel
[2023-04-14 12:45:09] [INFO ] [CategoryServiceImp:60] Se cre√≥ la imagen: Montecatini Hotel
[2023-04-14 12:45:11] [INFO ] [CategoryServiceImp:61] Se cre√≥ la politica: Entrada
[2023-04-14 12:45:13] [INFO ] [CategoryServiceImp:61] Se cre√≥ la politica: Restricciones de edad
[2023-04-14 12:45:15] [INFO ] [CategoryServiceImp:61] Se cre√≥ la politica: Cancelaci√≥n y pago por adelantado
[2023-04-14 12:45:24] [INFO ] [CategoryServiceImp:145] Se cre√≥ el alojamiento: Montecatini Hotel
[2023-04-14 12:49:40] [INFO ] [CategoryServiceImp:35] Se encontr√≥ la politica: Entrada
[2023-04-14 12:49:41] [INFO ] [CategoryServiceImp:35] Se encontr√≥ la politica: Entrada
[2023-04-14 12:49:42] [INFO ] [CategoryServiceImp:80] Se elimin√≥ la politica: 1
[2023-04-14 12:49:47] [INFO ] [CategoryServiceImp:35] Se encontr√≥ la politica: Restricciones de edad
[2023-04-14 12:49:48] [INFO ] [CategoryServiceImp:35] Se encontr√≥ la politica: Restricciones de edad
[2023-04-14 12:49:49] [INFO ] [CategoryServiceImp:80] Se elimin√≥ la politica: 2
[2023-04-14 12:49:53] [INFO ] [CategoryServiceImp:35] Se encontr√≥ la politica: Cancelaci√≥n y pago por adelantado
[2023-04-14 12:49:54] [INFO ] [CategoryServiceImp:35] Se encontr√≥ la politica: Cancelaci√≥n y pago por adelantado
[2023-04-14 12:49:55] [INFO ] [CategoryServiceImp:80] Se elimin√≥ la politica: 3
[2023-04-14 12:51:27] [INFO ] [CategoryServiceImp:49] Se encontr√≥ la ciudad: Villa Carlos Paz
[2023-04-14 12:51:28] [INFO ] [CategoryServiceImp:49] Se encontr√≥ la ciudad: Villa Carlos Paz
[2023-04-14 12:51:28] [INFO ] [CategoryServiceImp:65] Se elimin√≥ la ciudad: 1
[2023-04-14 13:02:39] [INFO ] [CategoryServiceImp:37] Se cre√≥ la ciudad: Puerto Iguaz√∫
[2023-04-14 13:02:42] [INFO ] [CategoryServiceImp:60] Se cre√≥ la imagen: Hotel Iguaz√∫
[2023-04-14 13:02:44] [INFO ] [CategoryServiceImp:60] Se cre√≥ la imagen: Hotel Iguaz√∫
[2023-04-14 13:02:46] [INFO ] [CategoryServiceImp:60] Se cre√≥ la imagen: Hotel Iguaz√∫
[2023-04-14 13:02:48] [INFO ] [CategoryServiceImp:60] Se cre√≥ la imagen: Hotel Iguaz√∫
[2023-04-14 13:02:50] [INFO ] [CategoryServiceImp:60] Se cre√≥ la imagen: Hotel Iguaz√∫
[2023-04-14 13:03:02] [INFO ] [CategoryServiceImp:145] Se cre√≥ el alojamiento: Hotel Iguaz√∫
[2023-04-14 13:06:37] [INFO ] [CategoryServiceImp:43] Se listaron todos los alojamientos.
[2023-04-14 13:06:38] [INFO ] [CategoryServiceImp:43] Se listaron todos los alojamientos.
[2023-04-14 13:08:35] [INFO ] [CategoryServiceImp:54] Se encontr√≥ el alojamiento: Hotel Iguaz√∫
[2023-04-14 13:08:38] [INFO ] [CategoryServiceImp:153] Se actualiz√≥ el alojamiento: Hotel Iguaz√∫
[2023-04-14 13:16:30] [INFO ] [CategoryServiceImp:37] Se cre√≥ la ciudad: Mar del Plata
[2023-04-14 13:16:32] [INFO ] [CategoryServiceImp:60] Se cre√≥ la imagen: Hostel Playa Grande G√ºemes
[2023-04-14 13:16:34] [INFO ] [CategoryServiceImp:60] Se cre√≥ la imagen: Hostel Playa Grande G√ºemes
[2023-04-14 13:16:36] [INFO ] [CategoryServiceImp:60] Se cre√≥ la imagen: Hostel Playa Grande G√ºemes
[2023-04-14 13:16:38] [INFO ] [CategoryServiceImp:60] Se cre√≥ la imagen: Hostel Playa Grande G√ºemes
[2023-04-14 13:16:40] [INFO ] [CategoryServiceImp:60] Se cre√≥ la imagen: Hostel Playa Grande G√ºemes
[2023-04-14 13:16:42] [INFO ] [CategoryServiceImp:60] Se cre√≥ la imagen: Hostel Playa Grande G√ºemes
[2023-04-14 13:16:44] [INFO ] [CategoryServiceImp:60] Se cre√≥ la imagen: Hostel Playa Grande G√ºemes
[2023-04-14 13:16:57] [INFO ] [CategoryServiceImp:145] Se cre√≥ el alojamiento: Hostel Playa Grande G√ºemes
[2023-04-14 13:24:17] [INFO ] [CategoryServiceImp:37] Se cre√≥ la ciudad: San Rafael
[2023-04-14 13:24:19] [INFO ] [CategoryServiceImp:60] Se cre√≥ la imagen: Shanti Hostel
[2023-04-14 13:24:21] [INFO ] [CategoryServiceImp:60] Se cre√≥ la imagen: Shanti Hostel
[2023-04-14 13:24:23] [INFO ] [CategoryServiceImp:60] Se cre√≥ la imagen: Shanti Hostel
[2023-04-14 13:24:25] [INFO ] [CategoryServiceImp:60] Se cre√≥ la imagen: Shanti Hostel
[2023-04-14 13:24:27] [INFO ] [CategoryServiceImp:60] Se cre√≥ la imagen: Shanti Hostel
[2023-04-14 13:24:29] [INFO ] [CategoryServiceImp:60] Se cre√≥ la imagen: Shanti Hostel
[2023-04-14 13:24:31] [INFO ] [CategoryServiceImp:60] Se cre√≥ la imagen: Shanti Hostel
[2023-04-14 13:24:43] [INFO ] [CategoryServiceImp:145] Se cre√≥ el alojamiento: Shanti Hostel
[2023-04-14 13:29:41] [INFO ] [CategoryServiceImp:37] Se cre√≥ la ciudad: Cafayate
[2023-04-14 13:29:43] [INFO ] [CategoryServiceImp:60] Se cre√≥ la imagen: Vistas del Colorado
[2023-04-14 13:29:45] [INFO ] [CategoryServiceImp:60] Se cre√≥ la imagen: Vistas del Colorado
[2023-04-14 13:29:47] [INFO ] [CategoryServiceImp:60] Se cre√≥ la imagen: Vistas del Colorado
[2023-04-14 13:29:49] [INFO ] [CategoryServiceImp:60] Se cre√≥ la imagen: Vistas del Colorado
[2023-04-14 13:29:51] [INFO ] [CategoryServiceImp:60] Se cre√≥ la imagen: Vistas del Colorado
[2023-04-14 13:29:53] [INFO ] [CategoryServiceImp:60] Se cre√≥ la imagen: Vistas del Colorado
[2023-04-14 13:30:04] [INFO ] [CategoryServiceImp:145] Se cre√≥ el alojamiento: Vistas del Colorado
[2023-04-14 13:48:01] [INFO ] [CategoryServiceImp:37] Se cre√≥ la ciudad: Col√≥n
[2023-04-14 13:48:03] [INFO ] [CategoryServiceImp:60] Se cre√≥ la imagen: Apartamentos Atl√°ntida
[2023-04-14 13:48:05] [INFO ] [CategoryServiceImp:60] Se cre√≥ la imagen: Apartamentos Atl√°ntida
[2023-04-14 13:48:07] [INFO ] [CategoryServiceImp:60] Se cre√≥ la imagen: Apartamentos Atl√°ntida
[2023-04-14 13:48:09] [INFO ] [CategoryServiceImp:60] Se cre√≥ la imagen: Apartamentos Atl√°ntida
[2023-04-14 13:48:11] [INFO ] [CategoryServiceImp:60] Se cre√≥ la imagen: Apartamentos Atl√°ntida
[2023-04-14 13:48:23] [INFO ] [CategoryServiceImp:145] Se cre√≥ el alojamiento: Apartamentos Atl√°ntida
[2023-04-14 13:51:58] [INFO ] [CategoryServiceImp:37] Se cre√≥ la ciudad: Merlo
[2023-04-14 13:52:00] [INFO ] [CategoryServiceImp:60] Se cre√≥ la imagen: Aires de Sierra
[2023-04-14 13:52:02] [INFO ] [CategoryServiceImp:60] Se cre√≥ la imagen: Aires de Sierra
[2023-04-14 13:52:04] [INFO ] [CategoryServiceImp:60] Se cre√≥ la imagen: Aires de Sierra
[2023-04-14 13:52:06] [INFO ] [CategoryServiceImp:60] Se cre√≥ la imagen: Aires de Sierra
[2023-04-14 13:52:08] [INFO ] [CategoryServiceImp:60] Se cre√≥ la imagen: Aires de Sierra
[2023-04-14 13:52:10] [INFO ] [CategoryServiceImp:60] Se cre√≥ la imagen: Aires de Sierra
[2023-04-14 13:52:12] [INFO ] [CategoryServiceImp:60] Se cre√≥ la imagen: Aires de Sierra
[2023-04-14 13:52:24] [INFO ] [CategoryServiceImp:145] Se cre√≥ el alojamiento: Aires de Sierra
[2023-04-14 13:57:33] [INFO ] [CategoryServiceImp:37] Se cre√≥ la ciudad: San Carlos de Bariloche
[2023-04-14 13:57:35] [INFO ] [CategoryServiceImp:60] Se cre√≥ la imagen: La Campi√±a
[2023-04-14 13:57:37] [INFO ] [CategoryServiceImp:60] Se cre√≥ la imagen: La Campi√±a
[2023-04-14 13:57:39] [INFO ] [CategoryServiceImp:60] Se cre√≥ la imagen: La Campi√±a
[2023-04-14 13:57:41] [INFO ] [CategoryServiceImp:60] Se cre√≥ la imagen: La Campi√±a
[2023-04-14 13:57:43] [INFO ] [CategoryServiceImp:60] Se cre√≥ la imagen: La Campi√±a
[2023-04-14 13:57:45] [INFO ] [CategoryServiceImp:60] Se cre√≥ la imagen: La Campi√±a
[2023-04-14 13:57:47] [INFO ] [CategoryServiceImp:60] Se cre√≥ la imagen: La Campi√±a
[2023-04-14 13:57:49] [INFO ] [CategoryServiceImp:60] Se cre√≥ la imagen: La Campi√±a
[2023-04-14 13:58:01] [INFO ] [CategoryServiceImp:145] Se cre√≥ el alojamiento: La Campi√±a
[2023-04-14 13:58:19] [INFO ] [CategoryServiceImp:35] Se encontr√≥ la imagen: Montecatini Hotel
[2023-04-14 13:58:20] [INFO ] [CategoryServiceImp:35] Se encontr√≥ la imagen: Montecatini Hotel
[2023-04-14 13:58:21] [INFO ] [CategoryServiceImp:78] Se elimin√≥ la imagen: 1
[2023-04-14 13:58:26] [INFO ] [CategoryServiceImp:35] Se encontr√≥ la imagen: Montecatini Hotel
[2023-04-14 13:58:27] [INFO ] [CategoryServiceImp:35] Se encontr√≥ la imagen: Montecatini Hotel
[2023-04-14 13:58:28] [INFO ] [CategoryServiceImp:78] Se elimin√≥ la imagen: 2
[2023-04-14 13:58:31] [INFO ] [CategoryServiceImp:35] Se encontr√≥ la imagen: Montecatini Hotel
[2023-04-14 13:58:32] [INFO ] [CategoryServiceImp:35] Se encontr√≥ la imagen: Montecatini Hotel
[2023-04-14 13:58:33] [INFO ] [CategoryServiceImp:78] Se elimin√≥ la imagen: 3
[2023-04-14 13:58:37] [INFO ] [CategoryServiceImp:35] Se encontr√≥ la imagen: Montecatini Hotel
[2023-04-14 13:58:38] [INFO ] [CategoryServiceImp:35] Se encontr√≥ la imagen: Montecatini Hotel
[2023-04-14 13:58:39] [INFO ] [CategoryServiceImp:78] Se elimin√≥ la imagen: 4
[2023-04-14 13:58:43] [INFO ] [CategoryServiceImp:35] Se encontr√≥ la imagen: Montecatini Hotel
[2023-04-14 13:58:44] [INFO ] [CategoryServiceImp:35] Se encontr√≥ la imagen: Montecatini Hotel
[2023-04-14 13:58:45] [INFO ] [CategoryServiceImp:78] Se elimin√≥ la imagen: 5
